<testsuites id="" name="" tests="1" failures="1" skipped="0" errors="0" time="8.526878">
<testsuite name="import-and-mapping.spec.ts" timestamp="2025-07-05T23:23:45.914Z" hostname="chromium" tests="1" failures="1" skipped="0" time="6.986" errors="0">
<testcase name="Import and Attribute Mapping â€º Import CMDB file and complete attribute mapping" classname="import-and-mapping.spec.ts" time="6.986">
<failure message="import-and-mapping.spec.ts:17:3 Import CMDB file and complete attribute mapping" type="FAILURE">
<![CDATA[  [chromium] â€º import-and-mapping.spec.ts:17:3 â€º Import and Attribute Mapping â€º Import CMDB file and complete attribute mapping 

    Error: Login failed - still on login page

      36 |     const currentUrl = page.url();
      37 |     if (currentUrl.includes('/login')) {
    > 38 |       throw new Error('Login failed - still on login page');
         |             ^
      39 |     }
      40 |     console.log('âœ… Login successful');
      41 |     
        at /Users/chocka/CursorProjects/migrate-ui-orchestrator/tests/e2e/import-and-mapping.spec.ts:38:13

    attachment #1: screenshot (image/png) â”€â”€â”€â”€â”€â”€â”€â”€â”€â”€â”€â”€â”€â”€â”€â”€â”€â”€â”€â”€â”€â”€â”€â”€â”€â”€â”€â”€â”€â”€â”€â”€â”€â”€â”€â”€â”€â”€â”€â”€â”€â”€â”€â”€â”€â”€â”€â”€â”€â”€â”€â”€â”€â”€â”€â”€â”€â”€
    test-results/import-and-mapping-Import--981f6--complete-attribute-mapping-chromium/test-failed-1.png
    â”€â”€â”€â”€â”€â”€â”€â”€â”€â”€â”€â”€â”€â”€â”€â”€â”€â”€â”€â”€â”€â”€â”€â”€â”€â”€â”€â”€â”€â”€â”€â”€â”€â”€â”€â”€â”€â”€â”€â”€â”€â”€â”€â”€â”€â”€â”€â”€â”€â”€â”€â”€â”€â”€â”€â”€â”€â”€â”€â”€â”€â”€â”€â”€â”€â”€â”€â”€â”€â”€â”€â”€â”€â”€â”€â”€â”€â”€â”€â”€â”€â”€â”€â”€â”€â”€â”€â”€â”€â”€â”€â”€â”€â”€â”€â”€

    attachment #2: video (video/webm) â”€â”€â”€â”€â”€â”€â”€â”€â”€â”€â”€â”€â”€â”€â”€â”€â”€â”€â”€â”€â”€â”€â”€â”€â”€â”€â”€â”€â”€â”€â”€â”€â”€â”€â”€â”€â”€â”€â”€â”€â”€â”€â”€â”€â”€â”€â”€â”€â”€â”€â”€â”€â”€â”€â”€â”€â”€â”€â”€â”€â”€â”€
    test-results/import-and-mapping-Import--981f6--complete-attribute-mapping-chromium/video.webm
    â”€â”€â”€â”€â”€â”€â”€â”€â”€â”€â”€â”€â”€â”€â”€â”€â”€â”€â”€â”€â”€â”€â”€â”€â”€â”€â”€â”€â”€â”€â”€â”€â”€â”€â”€â”€â”€â”€â”€â”€â”€â”€â”€â”€â”€â”€â”€â”€â”€â”€â”€â”€â”€â”€â”€â”€â”€â”€â”€â”€â”€â”€â”€â”€â”€â”€â”€â”€â”€â”€â”€â”€â”€â”€â”€â”€â”€â”€â”€â”€â”€â”€â”€â”€â”€â”€â”€â”€â”€â”€â”€â”€â”€â”€â”€â”€

    Error Context: ../../test-results/import-and-mapping-Import--981f6--complete-attribute-mapping-chromium/error-context.md
]]>
</failure>
<system-out>
<![CDATA[Starting import and mapping test...
ðŸ” Step 1: Logging in...

[[ATTACHMENT|import-and-mapping-Import--981f6--complete-attribute-mapping-chromium/test-failed-1.png]]

[[ATTACHMENT|import-and-mapping-Import--981f6--complete-attribute-mapping-chromium/video.webm]]

[[ATTACHMENT|import-and-mapping-Import--981f6--complete-attribute-mapping-chromium/error-context.md]]
]]>
</system-out>
</testcase>
</testsuite>
</testsuites>