<?xml version="1.0" encoding="utf-8"?><testsuites name="pytest tests"><testsuite name="pytest" errors="1" failures="0" skipped="0" tests="1" time="3.198" timestamp="2025-09-17T14:42:42.384916+00:00" hostname="fe12c6a45410"><testcase classname="" name="tests.backend.integration.test_collection_flow_fixes" time="0.000"><error message="collection failure">ImportError while importing test module '/app/tests/backend/integration/test_collection_flow_fixes.py'.
Hint: make sure your test modules/packages have valid Python names.
Traceback:
/usr/local/lib/python3.11/importlib/__init__.py:126: in import_module
    return _bootstrap._gcd_import(name[level:], package, level)
           ^^^^^^^^^^^^^^^^^^^^^^^^^^^^^^^^^^^^^^^^^^^^^^^^^^^^
/Users/chocka/CursorProjects/migrate-ui-orchestrator/backend/tests/backend/integration/test_collection_flow_fixes.py:17: in &lt;module&gt;
    ???
E   ModuleNotFoundError: No module named 'app.models.master_flow'</error></testcase></testsuite></testsuites>
