<?xml version="1.0" encoding="utf-8"?><testsuites name="pytest tests"><testsuite name="pytest" errors="0" failures="7" skipped="0" tests="10" time="0.744" timestamp="2025-09-17T16:07:44.772960+00:00" hostname="fe12c6a45410"><testcase classname="tests.test_field_mapping_tenant_isolation.TestFieldMappingTenantIsolation" name="test_data_import_id_required_for_learn_mapping" time="0.101"><failure message="assert False is True">/Users/chocka/CursorProjects/migrate-ui-orchestrator/backend/tests/test_field_mapping_tenant_isolation.py:78: in test_data_import_id_required_for_learn_mapping
    ???
E   assert False is True</failure></testcase><testcase classname="tests.test_field_mapping_tenant_isolation.TestFieldMappingTenantIsolation" name="test_data_import_id_required_for_negative_mapping" time="0.003"><failure message="assert False is True">/Users/chocka/CursorProjects/migrate-ui-orchestrator/backend/tests/test_field_mapping_tenant_isolation.py:94: in test_data_import_id_required_for_negative_mapping
    ???
E   assert False is True</failure></testcase><testcase classname="tests.test_field_mapping_tenant_isolation.TestFieldMappingTenantIsolation" name="test_analyze_columns_scoped_by_data_import" time="0.002" /><testcase classname="tests.test_field_mapping_tenant_isolation.TestFieldMappingTenantIsolation" name="test_tenant_isolation_in_learned_mappings" time="0.002"><failure message="AttributeError: 'FieldMappingService' object has no attribute '_load_learned_mappings'">/Users/chocka/CursorProjects/migrate-ui-orchestrator/backend/tests/test_field_mapping_tenant_isolation.py:150: in test_tenant_isolation_in_learned_mappings
    ???
E   AttributeError: 'FieldMappingService' object has no attribute '_load_learned_mappings'</failure></testcase><testcase classname="tests.test_field_mapping_tenant_isolation.TestFieldMappingTenantIsolation" name="test_cross_tenant_query_prevention" time="0.002"><failure message="AttributeError: 'FieldMappingService' object has no attribute '_load_learned_mappings'">/Users/chocka/CursorProjects/migrate-ui-orchestrator/backend/tests/test_field_mapping_tenant_isolation.py:176: in test_cross_tenant_query_prevention
    ???
E   AttributeError: 'FieldMappingService' object has no attribute '_load_learned_mappings'</failure></testcase><testcase classname="tests.test_field_mapping_tenant_isolation.TestFieldMappingTenantIsolation" name="test_rejected_mappings_tenant_isolated" time="0.003"><failure message="AttributeError: 'FieldMappingService' object has no attribute '_load_learned_mappings'">/Users/chocka/CursorProjects/migrate-ui-orchestrator/backend/tests/test_field_mapping_tenant_isolation.py:216: in test_rejected_mappings_tenant_isolated
    ???
E   AttributeError: 'FieldMappingService' object has no attribute '_load_learned_mappings'</failure></testcase><testcase classname="tests.test_field_mapping_tenant_isolation.TestFieldMappingTenantIsolation" name="test_validate_mapping_respects_tenant_context" time="0.002" /><testcase classname="tests.test_field_mapping_tenant_isolation.TestFieldMappingTenantIsolation" name="test_get_field_mappings_filtered_by_context" time="0.002" /><testcase classname="tests.test_field_mapping_tenant_isolation.TestFieldMappingTenantIsolation" name="test_master_flow_id_alternative_scoping" time="0.002"><failure message="AttributeError: 'FieldMappingService' object has no attribute '_load_learned_mappings'">/Users/chocka/CursorProjects/migrate-ui-orchestrator/backend/tests/test_field_mapping_tenant_isolation.py:288: in test_master_flow_id_alternative_scoping
    ???
E   AttributeError: 'FieldMappingService' object has no attribute '_load_learned_mappings'</failure></testcase><testcase classname="tests.test_field_mapping_tenant_isolation.TestFieldMappingTenantIsolation" name="test_no_cross_tenant_data_leakage" time="0.002"><failure message="AssertionError: Expected 'add' to have been called.">/Users/chocka/CursorProjects/migrate-ui-orchestrator/backend/tests/test_field_mapping_tenant_isolation.py:319: in test_no_cross_tenant_data_leakage
    ???
/usr/local/lib/python3.11/unittest/mock.py:908: in assert_called
    raise AssertionError(msg)
E   AssertionError: Expected 'add' to have been called.</failure></testcase></testsuite></testsuites>
