<?xml version="1.0" encoding="utf-8"?><testsuites name="pytest tests"><testsuite name="pytest" errors="0" failures="20" skipped="0" tests="27" time="0.778" timestamp="2025-09-17T16:07:43.128398+00:00" hostname="fe12c6a45410"><testcase classname="tests.test_field_mapping_service.TestFieldMappingServiceInitialization" name="test_initialization" time="0.001" /><testcase classname="tests.test_field_mapping_service.TestFieldMappingServiceInitialization" name="test_base_mappings_structure" time="0.001" /><testcase classname="tests.test_field_mapping_service.TestFieldMappingServiceInitialization" name="test_required_fields_structure" time="0.001" /><testcase classname="tests.test_field_mapping_service.TestFieldMappingAnalysis" name="test_analyze_columns_with_base_mappings" time="0.003"><failure message="assert False&#10; +  where False = isinstance(&lt;coroutine object FieldMappingAnalyzer.analyze_columns at 0xffff80497880&gt;, MappingAnalysis)">/Users/chocka/CursorProjects/migrate-ui-orchestrator/backend/tests/test_field_mapping_service.py:105: in test_analyze_columns_with_base_mappings
    ???
E   assert False
E    +  where False = isinstance(&lt;coroutine object FieldMappingAnalyzer.analyze_columns at 0xffff80497880&gt;, MappingAnalysis)</failure></testcase><testcase classname="tests.test_field_mapping_service.TestFieldMappingAnalysis" name="test_analyze_columns_with_learned_mappings" time="0.003"><failure message="AttributeError: 'coroutine' object has no attribute 'mapped_fields'">/Users/chocka/CursorProjects/migrate-ui-orchestrator/backend/tests/test_field_mapping_service.py:138: in test_analyze_columns_with_learned_mappings
    ???
E   AttributeError: 'coroutine' object has no attribute 'mapped_fields'</failure></testcase><testcase classname="tests.test_field_mapping_service.TestFieldMappingAnalysis" name="test_missing_required_fields_detection" time="0.002"><failure message="AttributeError: 'coroutine' object has no attribute 'missing_required_fields'">/Users/chocka/CursorProjects/migrate-ui-orchestrator/backend/tests/test_field_mapping_service.py:155: in test_missing_required_fields_detection
    ???
E   AttributeError: 'coroutine' object has no attribute 'missing_required_fields'</failure></testcase><testcase classname="tests.test_field_mapping_service.TestFieldMappingAnalysis" name="test_overall_confidence_calculation" time="0.003"><failure message="AttributeError: 'coroutine' object has no attribute 'overall_confidence'">/Users/chocka/CursorProjects/migrate-ui-orchestrator/backend/tests/test_field_mapping_service.py:170: in test_overall_confidence_calculation
    ???
E   AttributeError: 'coroutine' object has no attribute 'overall_confidence'</failure></testcase><testcase classname="tests.test_field_mapping_service.TestFieldMappingLearning" name="test_learn_new_field_mapping" time="0.004"><failure message="assert False is True">/Users/chocka/CursorProjects/migrate-ui-orchestrator/backend/tests/test_field_mapping_service.py:207: in test_learn_new_field_mapping
    ???
E   assert False is True</failure></testcase><testcase classname="tests.test_field_mapping_service.TestFieldMappingLearning" name="test_update_existing_mapping_with_higher_confidence" time="0.003"><failure message="assert False is True">/Users/chocka/CursorProjects/migrate-ui-orchestrator/backend/tests/test_field_mapping_service.py:240: in test_update_existing_mapping_with_higher_confidence
    ???
E   assert False is True</failure></testcase><testcase classname="tests.test_field_mapping_service.TestFieldMappingLearning" name="test_reject_lower_confidence_update" time="0.003"><failure message="assert False is True">/Users/chocka/CursorProjects/migrate-ui-orchestrator/backend/tests/test_field_mapping_service.py:262: in test_reject_lower_confidence_update
    ???
E   assert False is True</failure></testcase><testcase classname="tests.test_field_mapping_service.TestFieldMappingLearning" name="test_learn_negative_mapping" time="0.099"><failure message="assert False is True">/Users/chocka/CursorProjects/migrate-ui-orchestrator/backend/tests/test_field_mapping_service.py:279: in test_learn_negative_mapping
    ???
E   assert False is True</failure></testcase><testcase classname="tests.test_field_mapping_service.TestFieldMappingLearning" name="test_reject_negative_mapping_in_learning" time="0.004"><failure message="KeyError: 'message'">/Users/chocka/CursorProjects/migrate-ui-orchestrator/backend/tests/test_field_mapping_service.py:302: in test_reject_negative_mapping_in_learning
    ???
E   KeyError: 'message'</failure></testcase><testcase classname="tests.test_field_mapping_service.TestFieldMappingValidation" name="test_validate_base_mapping" time="0.001" /><testcase classname="tests.test_field_mapping_service.TestFieldMappingValidation" name="test_validate_negative_mapping" time="0.002"><failure message="KeyError: 'issues'">/Users/chocka/CursorProjects/migrate-ui-orchestrator/backend/tests/test_field_mapping_service.py:338: in test_validate_negative_mapping
    ???
E   KeyError: 'issues'</failure></testcase><testcase classname="tests.test_field_mapping_service.TestFieldMappingValidation" name="test_validate_with_content" time="0.002"><failure message="KeyError: 'issues'">/Users/chocka/CursorProjects/migrate-ui-orchestrator/backend/tests/test_field_mapping_service.py:351: in test_validate_with_content
    ???
E   KeyError: 'issues'</failure></testcase><testcase classname="tests.test_field_mapping_service.TestFieldMappingValidation" name="test_validate_numeric_field" time="0.001"><failure message="assert True is False">/Users/chocka/CursorProjects/migrate-ui-orchestrator/backend/tests/test_field_mapping_service.py:363: in test_validate_numeric_field
    ???
E   assert True is False</failure></testcase><testcase classname="tests.test_field_mapping_service.TestFieldMappingRetrieval" name="test_get_all_field_mappings" time="0.002"><failure message="AssertionError: assert 'custom_field' in {'asset_name': ['name', 'asset', 'resource_name', 'display_name'], 'asset_type': ['type', 'resource_type', 'category',...ess_contact', 'responsible_party', 'app_owner'], 'cpu_cores': ['cpu', 'cores', 'vcpu', 'processors', 'cpu_count'], ...}">/Users/chocka/CursorProjects/migrate-ui-orchestrator/backend/tests/test_field_mapping_service.py:402: in test_get_all_field_mappings
    ???
E   AssertionError: assert 'custom_field' in {'asset_name': ['name', 'asset', 'resource_name', 'display_name'], 'asset_type': ['type', 'resource_type', 'category',...ess_contact', 'responsible_party', 'app_owner'], 'cpu_cores': ['cpu', 'cores', 'vcpu', 'processors', 'cpu_count'], ...}</failure></testcase><testcase classname="tests.test_field_mapping_service.TestFieldMappingRetrieval" name="test_get_field_mappings_by_asset_type" time="0.002" /><testcase classname="tests.test_field_mapping_service.TestFieldMappingHealthCheck" name="test_health_check_success" time="0.001" /><testcase classname="tests.test_field_mapping_service.TestFieldMappingHealthCheck" name="test_health_check_failure" time="0.001" /><testcase classname="tests.test_field_mapping_service.TestFieldMappingCacheManagement" name="test_load_learned_mappings" time="0.003"><failure message="AttributeError: 'FieldMappingService' object has no attribute '_load_learned_mappings'">/Users/chocka/CursorProjects/migrate-ui-orchestrator/backend/tests/test_field_mapping_service.py:505: in test_load_learned_mappings
    ???
E   AttributeError: 'FieldMappingService' object has no attribute '_load_learned_mappings'</failure></testcase><testcase classname="tests.test_field_mapping_service.TestFieldMappingCacheManagement" name="test_update_cache" time="0.001"><failure message="AttributeError: 'FieldMappingService' object has no attribute '_update_cache'">/Users/chocka/CursorProjects/migrate-ui-orchestrator/backend/tests/test_field_mapping_service.py:520: in test_update_cache
    ???
E   AttributeError: 'FieldMappingService' object has no attribute '_update_cache'</failure></testcase><testcase classname="tests.test_field_mapping_service.TestFieldNormalization" name="test_normalize_field_name" time="0.001"><failure message="AttributeError: 'FieldMappingService' object has no attribute '_normalize_field_name'">/Users/chocka/CursorProjects/migrate-ui-orchestrator/backend/tests/test_field_mapping_service.py:561: in test_normalize_field_name
    ???
E   AttributeError: 'FieldMappingService' object has no attribute '_normalize_field_name'</failure></testcase><testcase classname="tests.test_field_mapping_service.TestContentValidation" name="test_validate_ip_address_content" time="0.056"><failure message="AttributeError: 'FieldMappingService' object has no attribute '_validate_content'">/Users/chocka/CursorProjects/migrate-ui-orchestrator/backend/tests/test_field_mapping_service.py:580: in test_validate_ip_address_content
    ???
E   AttributeError: 'FieldMappingService' object has no attribute '_validate_content'</failure></testcase><testcase classname="tests.test_field_mapping_service.TestContentValidation" name="test_validate_email_content" time="0.001"><failure message="AttributeError: 'FieldMappingService' object has no attribute '_validate_content'">/Users/chocka/CursorProjects/migrate-ui-orchestrator/backend/tests/test_field_mapping_service.py:589: in test_validate_email_content
    ???
E   AttributeError: 'FieldMappingService' object has no attribute '_validate_content'</failure></testcase><testcase classname="tests.test_field_mapping_service.TestContentValidation" name="test_validate_numeric_content" time="0.001"><failure message="AttributeError: 'FieldMappingService' object has no attribute '_validate_content'">/Users/chocka/CursorProjects/migrate-ui-orchestrator/backend/tests/test_field_mapping_service.py:598: in test_validate_numeric_content
    ???
E   AttributeError: 'FieldMappingService' object has no attribute '_validate_content'</failure></testcase><testcase classname="tests.test_field_mapping_service.TestContentValidation" name="test_is_valid_ip" time="0.001"><failure message="AttributeError: 'FieldMappingService' object has no attribute '_is_valid_ip'">/Users/chocka/CursorProjects/migrate-ui-orchestrator/backend/tests/test_field_mapping_service.py:607: in test_is_valid_ip
    ???
E   AttributeError: 'FieldMappingService' object has no attribute '_is_valid_ip'</failure></testcase></testsuite></testsuites>
