<?xml version="1.0" encoding="utf-8"?><testsuites name="pytest tests"><testsuite name="pytest" errors="0" failures="4" skipped="0" tests="27" time="0.815" timestamp="2025-09-17T16:10:20.653212+00:00" hostname="fe12c6a45410"><testcase classname="tests.test_storage_manager.TestImportStorageManager" name="test_find_or_create_import_new" time="0.129" /><testcase classname="tests.test_storage_manager.TestImportStorageManager" name="test_find_or_create_import_existing" time="0.002" /><testcase classname="tests.test_storage_manager.TestImportStorageManager" name="test_find_or_create_import_database_error" time="0.003" /><testcase classname="tests.test_storage_manager.TestImportStorageManager" name="test_store_raw_records_success" time="0.002" /><testcase classname="tests.test_storage_manager.TestImportStorageManager" name="test_store_raw_records_empty_data" time="0.001" /><testcase classname="tests.test_storage_manager.TestImportStorageManager" name="test_store_raw_records_database_error" time="0.002" /><testcase classname="tests.test_storage_manager.TestImportStorageManager" name="test_create_field_mappings_success" time="0.001"><failure message="AttributeError: &lt;module 'app.services.data_import.storage_manager' from '/app/app/services/data_import/storage_manager/__init__.py'&gt; does not have the attribute 'intelligent_field_mapping'">/Users/chocka/CursorProjects/migrate-ui-orchestrator/backend/tests/test_storage_manager.py:212: in test_create_field_mappings_success
    ???
/usr/local/lib/python3.11/unittest/mock.py:1446: in __enter__
    original, local = self.get_original()
                      ^^^^^^^^^^^^^^^^^^^
/usr/local/lib/python3.11/unittest/mock.py:1419: in get_original
    raise AttributeError(
E   AttributeError: &lt;module 'app.services.data_import.storage_manager' from '/app/app/services/data_import/storage_manager/__init__.py'&gt; does not have the attribute 'intelligent_field_mapping'</failure></testcase><testcase classname="tests.test_storage_manager.TestImportStorageManager" name="test_create_field_mappings_empty_data" time="0.001" /><testcase classname="tests.test_storage_manager.TestImportStorageManager" name="test_update_import_status_completed" time="0.001" /><testcase classname="tests.test_storage_manager.TestImportStorageManager" name="test_update_import_status_failed" time="0.001" /><testcase classname="tests.test_storage_manager.TestImportStorageManager" name="test_update_import_status_discovery_initiated" time="0.001" /><testcase classname="tests.test_storage_manager.TestImportStorageManager" name="test_get_import_by_id_success" time="0.003" /><testcase classname="tests.test_storage_manager.TestImportStorageManager" name="test_get_import_by_id_not_found" time="0.003" /><testcase classname="tests.test_storage_manager.TestImportStorageManager" name="test_get_import_by_id_database_error" time="0.001" /><testcase classname="tests.test_storage_manager.TestImportStorageManager" name="test_get_raw_records_success" time="0.001" /><testcase classname="tests.test_storage_manager.TestImportStorageManager" name="test_get_raw_records_with_limit" time="0.001" /><testcase classname="tests.test_storage_manager.TestImportStorageManager" name="test_get_raw_records_database_error" time="0.001" /><testcase classname="tests.test_storage_manager.TestImportStorageManager" name="test_update_raw_records_with_cleansed_data_success" time="0.001"><failure message="assert 0 == 2">/Users/chocka/CursorProjects/migrate-ui-orchestrator/backend/tests/test_storage_manager.py:441: in test_update_raw_records_with_cleansed_data_success
    ???
E   assert 0 == 2</failure></testcase><testcase classname="tests.test_storage_manager.TestImportStorageManager" name="test_update_raw_records_missing_id" time="0.001"><failure message="assert 0 == 1">/Users/chocka/CursorProjects/migrate-ui-orchestrator/backend/tests/test_storage_manager.py:459: in test_update_raw_records_missing_id
    ???
E   assert 0 == 1</failure></testcase><testcase classname="tests.test_storage_manager.TestImportStorageManager" name="test_link_master_flow_to_import_success" time="0.003" /><testcase classname="tests.test_storage_manager.TestImportStorageManager" name="test_link_master_flow_nonexistent_flow" time="0.001" /><testcase classname="tests.test_storage_manager.TestImportStorageManager" name="test_link_master_flow_database_error" time="0.001" /><testcase classname="tests.test_storage_manager.TestStorageManagerIntegration" name="test_full_import_workflow" time="0.002"><failure message="AttributeError: &lt;module 'app.services.data_import.storage_manager' from '/app/app/services/data_import/storage_manager/__init__.py'&gt; does not have the attribute 'intelligent_field_mapping'">/Users/chocka/CursorProjects/migrate-ui-orchestrator/backend/tests/test_storage_manager.py:548: in test_full_import_workflow
    ???
/usr/local/lib/python3.11/unittest/mock.py:1446: in __enter__
    original, local = self.get_original()
                      ^^^^^^^^^^^^^^^^^^^
/usr/local/lib/python3.11/unittest/mock.py:1419: in get_original
    raise AttributeError(
E   AttributeError: &lt;module 'app.services.data_import.storage_manager' from '/app/app/services/data_import/storage_manager/__init__.py'&gt; does not have the attribute 'intelligent_field_mapping'</failure></testcase><testcase classname="tests.test_storage_manager.TestStorageManagerIntegration" name="test_error_recovery_workflow" time="0.001" /><testcase classname="tests.test_storage_manager.TestStorageManagerIntegration" name="test_concurrent_operations_handling" time="0.002" /><testcase classname="tests.test_storage_manager.TestStorageManagerIntegration" name="test_performance_with_large_datasets" time="0.020" /><testcase classname="tests.test_storage_manager.TestStorageManagerIntegration" name="test_data_validation_during_storage" time="0.001" /></testsuite></testsuites>
